#
# There is insufficient memory for the Java Runtime Environment to continue.
# Native memory allocation (mmap) failed to map 100663296 bytes for G1 virtual space
# Possible reasons:
#   The system is out of physical RAM or swap space
#   The process is running with CompressedOops enabled, and the Java Heap may be blocking the growth of the native heap
# Possible solutions:
#   Reduce memory load on the system
#   Increase physical memory or swap space
#   Check if swap backing store is full
#   Decrease Java heap size (-Xmx/-Xms)
#   Decrease number of Java threads
#   Decrease Java thread stack sizes (-Xss)
#   Set larger code cache with -XX:ReservedCodeCacheSize=
#   JVM is running with Unscaled Compressed Oops mode in which the Java heap is
#     placed in the first 4GB address space. The Java Heap base address is the
#     maximum limit for the native heap growth. Please use -XX:HeapBaseMinAddress
#     to set the Java Heap base and to place the Java Heap above 4GB virtual address.
# This output file may be truncated or incomplete.
#
#  Out of Memory Error (os_windows.cpp:3559), pid=4712, tid=17668
#
# JRE version:  (17.0.7+7) (build )
# Java VM: OpenJDK 64-Bit Server VM (17.0.7+7, mixed mode, sharing, tiered, compressed oops, compressed class ptrs, g1 gc, windows-amd64)
# No core dump will be written. Minidumps are not enabled by default on client versions of Windows
#

---------------  S U M M A R Y ------------

Command Line: -XX:+ShowCodeDetailsInExceptionMessages addPassenger

Host: AMD Ryzen 3 3250U with Radeon Graphics         , 4 cores, 5G,  Windows 11 , 64 bit Build 22621 (10.0.22621.2070)
Time: Tue Aug 22 10:54:19 2023 India Standard Time elapsed time: 0.027796 seconds (0d 0h 0m 0s)

---------------  T H R E A D  ---------------

Current thread (0x000001f343fb7dc0):  JavaThread "Unknown thread" [_thread_in_vm, id=17668, stack(0x0000007997d00000,0x0000007997e00000)]

Stack: [0x0000007997d00000,0x0000007997e00000]
Native frames: (J=compiled Java code, j=interpreted, Vv=VM code, C=native code)
V  [jvm.dll+0x67754a]
V  [jvm.dll+0x834304]
V  [jvm.dll+0x835aae]
V  [jvm.dll+0x836113]
V  [jvm.dll+0x24696f]
V  [jvm.dll+0x6743f9]
V  [jvm.dll+0x668c8a]
V  [jvm.dll+0x3061bb]
V  [jvm.dll+0x30d6a6]
V  [jvm.dll+0x35cece]
V  [jvm.dll+0x35d0ff]
V  [jvm.dll+0x2dd048]
V  [jvm.dll+0x2ddfb4]
V  [jvm.dll+0x8066d1]
V  [jvm.dll+0x36ac91]
V  [jvm.dll+0x7e5cec]
V  [jvm.dll+0x3ed56f]
V  [jvm.dll+0x3ef0a1]
C  [jli.dll+0x528b]
C  [ucrtbase.dll+0x29363]
C  [KERNEL32.DLL+0x126ad]
C  [ntdll.dll+0x5aa68]


---------------  P R O C E S S  ---------------

Threads class SMR info:
_java_thread_list=0x00007ff82d927018, length=0, elements={
}

Java Threads: ( => current thread )

Other Threads:
  0x000001f344004760 GCTaskThread "GC Thread#0" [stack: 0x0000007997e00000,0x0000007997f00000] [id=8404]
  0x000001f344011390 ConcurrentGCThread "G1 Main Marker" [stack: 0x0000007997f00000,0x0000007998000000] [id=25260]
  0x000001f344011cb0 ConcurrentGCThread "G1 Conc#0" [stack: 0x0000007998000000,0x0000007998100000] [id=9404]

[error occurred during error reporting (printing all threads), id 0xc0000005, EXCEPTION_ACCESS_VIOLATION (0xc0000005) at pc=0x00007ff82d0fdaf7]

VM state: not at safepoint (not fully initialized)

VM Mutex/Monitor currently owned by a thread:  ([mutex/lock_event])
[0x000001f343fb2390] Heap_lock - owner thread: 0x000001f343fb7dc0

Heap address: 0x00000000a1c00000, size: 1508 MB, Compressed Oops mode: 32-bit

CDS archive(s) mapped at: [0x0000000000000000-0x0000000000000000-0x0000000000000000), size 0, SharedBaseAddress: 0x0000000800000000, ArchiveRelocationMode: 0.
Narrow klass base: 0x0000000000000000, Narrow klass shift: 0, Narrow klass range: 0x0

GC Precious Log:
<Empty>

Heap:
 garbage-first heap   total 0K, used 0K [0x00000000a1c00000, 0x0000000100000000)
  region size 1024K, 0 young (0K), 0 survivors (0K)

[error occurred during error reporting (printing heap information), id 0xc0000005, EXCEPTION_ACCESS_VIOLATION (0xc0000005) at pc=0x00007ff82d4e0db9]

GC Heap History (0 events):
No events

Dll operation events (1 events):
Event: 0.016 Loaded shared library C:\Program Files\Eclipse Adoptium\jdk-17.0.7.7-hotspot\bin\java.dll

Deoptimization events (0 events):
No events

Classes unloaded (0 events):
No events

Classes redefined (0 events):
No events

Internal exceptions (0 events):
No events

VM Operations (0 events):
No events

Events (0 events):
No events


Dynamic libraries:
0x00007ff664680000 - 0x00007ff66468e000 	C:\Program Files\Eclipse Adoptium\jdk-17.0.7.7-hotspot\bin\java.exe
0x00007ff8941d0000 - 0x00007ff8943e4000 	C:\WINDOWS\SYSTEM32\ntdll.dll
0x00007ff893180000 - 0x00007ff893244000 	C:\WINDOWS\System32\KERNEL32.DLL
0x00007ff891630000 - 0x00007ff8919d4000 	C:\WINDOWS\System32\KERNELBASE.dll
0x00007ff891a50000 - 0x00007ff891b61000 	C:\WINDOWS\System32\ucrtbase.dll
0x00007ff878d80000 - 0x00007ff878d99000 	C:\Program Files\Eclipse Adoptium\jdk-17.0.7.7-hotspot\bin\VCRUNTIME140.dll
0x00007ff879810000 - 0x00007ff879827000 	C:\Program Files\Eclipse Adoptium\jdk-17.0.7.7-hotspot\bin\jli.dll
0x00007ff893820000 - 0x00007ff8939ca000 	C:\WINDOWS\System32\USER32.dll
0x00007ff891b70000 - 0x00007ff891b96000 	C:\WINDOWS\System32\win32u.dll
0x00007ff87d760000 - 0x00007ff87d9ef000 	C:\WINDOWS\WinSxS\amd64_microsoft.windows.common-controls_6595b64144ccf1df_6.0.22621.2070_none_2713e6537381f706\COMCTL32.dll
0x00007ff893250000 - 0x00007ff893279000 	C:\WINDOWS\System32\GDI32.dll
0x00007ff893f70000 - 0x00007ff894017000 	C:\WINDOWS\System32\msvcrt.dll
0x00007ff891d00000 - 0x00007ff891e19000 	C:\WINDOWS\System32\gdi32full.dll
0x00007ff891c60000 - 0x00007ff891cfa000 	C:\WINDOWS\System32\msvcp_win.dll
0x00007ff893e00000 - 0x00007ff893e31000 	C:\WINDOWS\System32\IMM32.DLL
0x00007ff880240000 - 0x00007ff88024c000 	C:\Program Files\Eclipse Adoptium\jdk-17.0.7.7-hotspot\bin\vcruntime140_1.dll
0x00007ff878ce0000 - 0x00007ff878d71000 	C:\Program Files\Eclipse Adoptium\jdk-17.0.7.7-hotspot\bin\msvcp140.dll
0x00007ff82ce10000 - 0x00007ff82da58000 	C:\Program Files\Eclipse Adoptium\jdk-17.0.7.7-hotspot\bin\server\jvm.dll
0x00007ff893d50000 - 0x00007ff893e00000 	C:\WINDOWS\System32\ADVAPI32.dll
0x00007ff893ec0000 - 0x00007ff893f66000 	C:\WINDOWS\System32\sechost.dll
0x00007ff893280000 - 0x00007ff893397000 	C:\WINDOWS\System32\RPCRT4.dll
0x00007ff87f2e0000 - 0x00007ff87f2e9000 	C:\WINDOWS\SYSTEM32\WSOCK32.dll
0x00007ff88ac20000 - 0x00007ff88ac54000 	C:\WINDOWS\SYSTEM32\WINMM.dll
0x00007ff8899d0000 - 0x00007ff8899da000 	C:\WINDOWS\SYSTEM32\VERSION.dll
0x00007ff891f90000 - 0x00007ff892001000 	C:\WINDOWS\System32\WS2_32.dll
0x00007ff8905a0000 - 0x00007ff8905b8000 	C:\WINDOWS\SYSTEM32\kernel.appcore.dll
0x00007ff87ff50000 - 0x00007ff87ff5a000 	C:\Program Files\Eclipse Adoptium\jdk-17.0.7.7-hotspot\bin\jimage.dll
0x00007ff886ce0000 - 0x00007ff886f0e000 	C:\WINDOWS\SYSTEM32\DBGHELP.DLL
0x00007ff892900000 - 0x00007ff892c8a000 	C:\WINDOWS\System32\combase.dll
0x00007ff892d40000 - 0x00007ff892e17000 	C:\WINDOWS\System32\OLEAUT32.dll
0x00007ff8889f0000 - 0x00007ff888a22000 	C:\WINDOWS\SYSTEM32\dbgcore.DLL
0x00007ff8915b0000 - 0x00007ff89162a000 	C:\WINDOWS\System32\bcryptPrimitives.dll
0x00007ff86ade0000 - 0x00007ff86ae05000 	C:\Program Files\Eclipse Adoptium\jdk-17.0.7.7-hotspot\bin\java.dll

dbghelp: loaded successfully - version: 4.0.5 - missing functions: none
symbol engine: initialized successfully - sym options: 0x614 - pdb path: .;C:\Program Files\Eclipse Adoptium\jdk-17.0.7.7-hotspot\bin;C:\WINDOWS\SYSTEM32;C:\WINDOWS\WinSxS\amd64_microsoft.windows.common-controls_6595b64144ccf1df_6.0.22621.2070_none_2713e6537381f706;C:\Program Files\Eclipse Adoptium\jdk-17.0.7.7-hotspot\bin\server

VM Arguments:
jvm_args: -XX:+ShowCodeDetailsInExceptionMessages 
java_command: addPassenger
java_class_path (initial): C:\Users\DeLL\AppData\Roaming\Code\User\workspaceStorage\3ff790df919fc6f4ae776e2294525359\redhat.java\jdt_ws\Railwaybooking_59ff76be\bin;c:\Users\DeLL\Downloads\mysql-connector-j-8.1.0.jar
Launcher Type: SUN_STANDARD

[Global flags]
     intx CICompilerCount                          = 3                                         {product} {ergonomic}
     uint ConcGCThreads                            = 1                                         {product} {ergonomic}
     uint G1ConcRefinementThreads                  = 4                                         {product} {ergonomic}
   size_t G1HeapRegionSize                         = 1048576                                   {product} {ergonomic}
    uintx GCDrainStackTargetSize                   = 64                                        {product} {ergonomic}
   size_t InitialHeapSize                          = 100663296                                 {product} {ergonomic}
   size_t MarkStackSize                            = 4194304                                   {product} {ergonomic}
   size_t MaxHeapSize                              = 1581252608                                {product} {ergonomic}
   size_t MinHeapDeltaBytes                        = 1048576                                   {product} {ergonomic}
   size_t MinHeapSize                              = 8388608                                   {product} {ergonomic}
    uintx NonNMethodCodeHeapSize                   = 5832780                                {pd product} {ergonomic}
    uintx NonProfiledCodeHeapSize                  = 122912730                              {pd product} {ergonomic}
    uintx ProfiledCodeHeapSize                     = 122912730                              {pd product} {ergonomic}
    uintx ReservedCodeCacheSize                    = 251658240                              {pd product} {ergonomic}
     bool SegmentedCodeCache                       = true                                      {product} {ergonomic}
     bool ShowCodeDetailsInExceptionMessages       = true                                   {manageable} {command line}
   size_t SoftMaxHeapSize                          = 1581252608                             {manageable} {ergonomic}
     bool UseCompressedClassPointers               = true                           {product lp64_product} {ergonomic}
     bool UseCompressedOops                        = true                           {product lp64_product} {ergonomic}
     bool UseG1GC                                  = true                                      {product} {ergonomic}
     bool UseLargePagesIndividualAllocation        = false                                  {pd product} {ergonomic}

Logging:
Log output configuration:
 #0: stdout all=warning uptime,level,tags
 #1: stderr all=off uptime,level,tags

Environment Variables:
PATH=C:\Program Files\Common Files\Oracle\Java\javapath;C:\Program Files\Eclipse Adoptium\jdk-17.0.7.7-hotspot\bin;C:\WINDOWS\system32;C:\WINDOWS;C:\WINDOWS\System32\Wbem;C:\WINDOWS\System32\WindowsPowerShell\v1.0\;C:\WINDOWS\System32\OpenSSH\;C:\Program Files\dotnet\;C:\Program Files (x86)\Git\cmd;C:\Users\DeLL\AppData\Local\Programs\Python\Python311\Scripts\;C:\Users\DeLL\AppData\Local\Programs\Python\Python311\;C:\Users\DeLL\AppData\Local\Microsoft\WindowsApps;C:\Users\DeLL\AppData\Local\Programs\Microsoft VS Code\bin;
USERNAME=DeLL
LANG=en_US.UTF-8
OS=Windows_NT
PROCESSOR_IDENTIFIER=AMD64 Family 23 Model 24 Stepping 1, AuthenticAMD
TMP=C:\Users\DeLL\AppData\Local\Temp
TEMP=C:\Users\DeLL\AppData\Local\Temp



---------------  S Y S T E M  ---------------

OS:
 Windows 11 , 64 bit Build 22621 (10.0.22621.2070)
OS uptime: 4 days 1:38 hours

CPU: total 4 (initial active 4) (4 cores per cpu, 2 threads per core) family 23 model 24 stepping 1 microcode 0x0, cx8, cmov, fxsr, ht, mmx, 3dnowpref, sse, sse2, sse3, ssse3, sse4a, sse4.1, sse4.2, popcnt, lzcnt, tsc, tscinvbit, avx, avx2, aes, clmul, bmi1, bmi2, adx, sha, fma, vzeroupper, clflush, clflushopt

Memory: 4k page, system-wide physical 6030M (167M free)
TotalPageFile size 18812M (AvailPageFile size 47M)
current process WorkingSet (physical memory assigned to process): 11M, peak: 11M
current process commit charge ("private bytes"): 51M, peak: 147M

vm_info: OpenJDK 64-Bit Server VM (17.0.7+7) for windows-amd64 JRE (17.0.7+7), built on Apr 18 2023 22:10:42 by "temurin" with MS VC++ 16.7 (VS2019)

END.
